<?xml version="1.0" encoding="UTF-8"?>
<testng-results ignored="0" total="1" passed="0" failed="0" skipped="1">
  <reporter-output>
  </reporter-output>
  <suite started-at="2022-12-03T05:28:26Z" name="Default suite" finished-at="2022-12-03T05:28:35Z" duration-ms="8900">
    <groups>
    </groups>
    <test started-at="2022-12-03T05:28:26Z" name="Default test" finished-at="2022-12-03T05:28:35Z" duration-ms="8900">
      <class name="TestData.Testing">
        <test-method is-config="true" signature="testSetUp()[pri:0, instance:TestData.Testing@53d1b9b3]" started-at="2022-12-03T05:28:26Z" name="testSetUp" finished-at="2022-12-03T05:28:35Z" duration-ms="8800" status="FAIL">
          <exception class="org.openqa.selenium.SessionNotCreatedException">
            <message>
              <![CDATA[Could not start a new session. Response code 500. Message: unknown error: Chrome failed to start: crashed.
  (chrome not reachable)
  (The process started from chrome location /usr/bin/google-chrome is no longer running, so ChromeDriver is assuming that Chrome has crashed.)
Build info: version: '3.141.59', revision: 'e82be7d358', time: '2018-11-14T08:25:53'
System info: host: '4b60d3a05718', ip: '172.17.0.3', os.name: 'Linux', os.arch: 'amd64', os.version: '5.15.49-linuxkit', java.version: '1.8.0_292'
Driver info: driver.version: unknown
remote stacktrace: #0 0x004000a2a8f3 <unknown>
#1 0x00400050fba8 <unknown>
#2 0x004000532e33 <unknown>
#3 0x00400052e9ef <unknown>
#4 0x004000568995 <unknown>
#5 0x004000562d63 <unknown>
#6 0x004000539144 <unknown>
#7 0x00400053a135 <unknown>
#8 0x004000a59c3e <unknown>
#9 0x004000a6f6b7 <unknown>
#10 0x004000a5ab95 <unknown>
#11 0x004000a70b05 <unknown>
#12 0x004000a4f2ab <unknown>
#13 0x004000a8b248 <unknown>
#14 0x004000a8b3c8 <unknown>
#15 0x004000aa633d <unknown>
#16 0x004002be3609 start_thread
 
Host info: host: 'Vipuls-MacBook-Air.local', ip: '2401:4900:1c8f:e709:881b:a47a:9562:3fef%en0'
Build info: version: '4.5.3', revision: '4b786a1e430'
System info: os.name: 'Mac OS X', os.arch: 'aarch64', os.version: '12.6.1', java.version: '17.0.4.1'
Driver info: org.openqa.selenium.remote.RemoteWebDriver
Command: [null, newSession {capabilities=[Capabilities {browserName: chrome}], desiredCapabilities=Capabilities {browserName: chrome}}]
Capabilities {}]]>
            </message>
            <full-stacktrace>
              <![CDATA[org.openqa.selenium.SessionNotCreatedException: Could not start a new session. Response code 500. Message: unknown error: Chrome failed to start: crashed.
  (chrome not reachable)
  (The process started from chrome location /usr/bin/google-chrome is no longer running, so ChromeDriver is assuming that Chrome has crashed.)
Build info: version: '3.141.59', revision: 'e82be7d358', time: '2018-11-14T08:25:53'
System info: host: '4b60d3a05718', ip: '172.17.0.3', os.name: 'Linux', os.arch: 'amd64', os.version: '5.15.49-linuxkit', java.version: '1.8.0_292'
Driver info: driver.version: unknown
remote stacktrace: #0 0x004000a2a8f3 <unknown>
#1 0x00400050fba8 <unknown>
#2 0x004000532e33 <unknown>
#3 0x00400052e9ef <unknown>
#4 0x004000568995 <unknown>
#5 0x004000562d63 <unknown>
#6 0x004000539144 <unknown>
#7 0x00400053a135 <unknown>
#8 0x004000a59c3e <unknown>
#9 0x004000a6f6b7 <unknown>
#10 0x004000a5ab95 <unknown>
#11 0x004000a70b05 <unknown>
#12 0x004000a4f2ab <unknown>
#13 0x004000a8b248 <unknown>
#14 0x004000a8b3c8 <unknown>
#15 0x004000aa633d <unknown>
#16 0x004002be3609 start_thread
 
Host info: host: 'Vipuls-MacBook-Air.local', ip: '2401:4900:1c8f:e709:881b:a47a:9562:3fef%en0'
Build info: version: '4.5.3', revision: '4b786a1e430'
System info: os.name: 'Mac OS X', os.arch: 'aarch64', os.version: '12.6.1', java.version: '17.0.4.1'
Driver info: org.openqa.selenium.remote.RemoteWebDriver
Command: [null, newSession {capabilities=[Capabilities {browserName: chrome}], desiredCapabilities=Capabilities {browserName: chrome}}]
Capabilities {}
at org.openqa.selenium.remote.ProtocolHandshake.createSession(ProtocolHandshake.java:144)
at org.openqa.selenium.remote.ProtocolHandshake.createSession(ProtocolHandshake.java:102)
at org.openqa.selenium.remote.ProtocolHandshake.createSession(ProtocolHandshake.java:67)
at org.openqa.selenium.remote.HttpCommandExecutor.execute(HttpCommandExecutor.java:156)
at org.openqa.selenium.remote.TracedCommandExecutor.execute(TracedCommandExecutor.java:51)
at org.openqa.selenium.remote.RemoteWebDriver.execute(RemoteWebDriver.java:541)
at org.openqa.selenium.remote.RemoteWebDriver.startSession(RemoteWebDriver.java:242)
at org.openqa.selenium.remote.RemoteWebDriver.<init>(RemoteWebDriver.java:157)
at org.openqa.selenium.remote.RemoteWebDriver.<init>(RemoteWebDriver.java:139)
at TestData.Testing.testSetUp(Testing.java:29)
at java.base/jdk.internal.reflect.NativeMethodAccessorImpl.invoke0(Native Method)
at java.base/jdk.internal.reflect.NativeMethodAccessorImpl.invoke(NativeMethodAccessorImpl.java:77)
at java.base/jdk.internal.reflect.DelegatingMethodAccessorImpl.invoke(DelegatingMethodAccessorImpl.java:43)
at java.base/java.lang.reflect.Method.invoke(Method.java:568)
at org.testng.internal.MethodInvocationHelper.invokeMethod(MethodInvocationHelper.java:124)
at org.testng.internal.MethodInvocationHelper.invokeMethodConsideringTimeout(MethodInvocationHelper.java:59)
at org.testng.internal.Invoker.invokeConfigurationMethod(Invoker.java:458)
at org.testng.internal.Invoker.invokeConfigurations(Invoker.java:222)
at org.testng.internal.Invoker.invokeConfigurations(Invoker.java:142)
at org.testng.internal.TestMethodWorker.invokeBeforeClassMethods(TestMethodWorker.java:168)
at org.testng.internal.TestMethodWorker.run(TestMethodWorker.java:105)
at org.testng.TestRunner.privateRun(TestRunner.java:648)
at org.testng.TestRunner.run(TestRunner.java:505)
at org.testng.SuiteRunner.runTest(SuiteRunner.java:455)
at org.testng.SuiteRunner.runSequentially(SuiteRunner.java:450)
at org.testng.SuiteRunner.privateRun(SuiteRunner.java:415)
at org.testng.SuiteRunner.run(SuiteRunner.java:364)
at org.testng.SuiteRunnerWorker.runSuite(SuiteRunnerWorker.java:52)
at org.testng.SuiteRunnerWorker.run(SuiteRunnerWorker.java:84)
at org.testng.TestNG.runSuitesSequentially(TestNG.java:1208)
at org.testng.TestNG.runSuitesLocally(TestNG.java:1137)
at org.testng.TestNG.runSuites(TestNG.java:1049)
at org.testng.TestNG.run(TestNG.java:1017)
at org.testng.remote.AbstractRemoteTestNG.run(AbstractRemoteTestNG.java:115)
at org.testng.remote.RemoteTestNG.initAndRun(RemoteTestNG.java:251)
at org.testng.remote.RemoteTestNG.main(RemoteTestNG.java:77)
]]>
            </full-stacktrace>
          </exception> <!-- org.openqa.selenium.SessionNotCreatedException -->
          <reporter-output>
          </reporter-output>
        </test-method> <!-- testSetUp -->
        <test-method signature="test_ToDo_App()[pri:0, instance:TestData.Testing@53d1b9b3]" started-at="2022-12-03T05:28:35Z" name="test_ToDo_App" finished-at="2022-12-03T05:28:35Z" duration-ms="0" status="SKIP">
          <exception class="org.openqa.selenium.SessionNotCreatedException">
            <message>
              <![CDATA[Could not start a new session. Response code 500. Message: unknown error: Chrome failed to start: crashed.
  (chrome not reachable)
  (The process started from chrome location /usr/bin/google-chrome is no longer running, so ChromeDriver is assuming that Chrome has crashed.)
Build info: version: '3.141.59', revision: 'e82be7d358', time: '2018-11-14T08:25:53'
System info: host: '4b60d3a05718', ip: '172.17.0.3', os.name: 'Linux', os.arch: 'amd64', os.version: '5.15.49-linuxkit', java.version: '1.8.0_292'
Driver info: driver.version: unknown
remote stacktrace: #0 0x004000a2a8f3 <unknown>
#1 0x00400050fba8 <unknown>
#2 0x004000532e33 <unknown>
#3 0x00400052e9ef <unknown>
#4 0x004000568995 <unknown>
#5 0x004000562d63 <unknown>
#6 0x004000539144 <unknown>
#7 0x00400053a135 <unknown>
#8 0x004000a59c3e <unknown>
#9 0x004000a6f6b7 <unknown>
#10 0x004000a5ab95 <unknown>
#11 0x004000a70b05 <unknown>
#12 0x004000a4f2ab <unknown>
#13 0x004000a8b248 <unknown>
#14 0x004000a8b3c8 <unknown>
#15 0x004000aa633d <unknown>
#16 0x004002be3609 start_thread
 
Host info: host: 'Vipuls-MacBook-Air.local', ip: '2401:4900:1c8f:e709:881b:a47a:9562:3fef%en0'
Build info: version: '4.5.3', revision: '4b786a1e430'
System info: os.name: 'Mac OS X', os.arch: 'aarch64', os.version: '12.6.1', java.version: '17.0.4.1'
Driver info: org.openqa.selenium.remote.RemoteWebDriver
Command: [null, newSession {capabilities=[Capabilities {browserName: chrome}], desiredCapabilities=Capabilities {browserName: chrome}}]
Capabilities {}]]>
            </message>
            <full-stacktrace>
              <![CDATA[org.openqa.selenium.SessionNotCreatedException: Could not start a new session. Response code 500. Message: unknown error: Chrome failed to start: crashed.
  (chrome not reachable)
  (The process started from chrome location /usr/bin/google-chrome is no longer running, so ChromeDriver is assuming that Chrome has crashed.)
Build info: version: '3.141.59', revision: 'e82be7d358', time: '2018-11-14T08:25:53'
System info: host: '4b60d3a05718', ip: '172.17.0.3', os.name: 'Linux', os.arch: 'amd64', os.version: '5.15.49-linuxkit', java.version: '1.8.0_292'
Driver info: driver.version: unknown
remote stacktrace: #0 0x004000a2a8f3 <unknown>
#1 0x00400050fba8 <unknown>
#2 0x004000532e33 <unknown>
#3 0x00400052e9ef <unknown>
#4 0x004000568995 <unknown>
#5 0x004000562d63 <unknown>
#6 0x004000539144 <unknown>
#7 0x00400053a135 <unknown>
#8 0x004000a59c3e <unknown>
#9 0x004000a6f6b7 <unknown>
#10 0x004000a5ab95 <unknown>
#11 0x004000a70b05 <unknown>
#12 0x004000a4f2ab <unknown>
#13 0x004000a8b248 <unknown>
#14 0x004000a8b3c8 <unknown>
#15 0x004000aa633d <unknown>
#16 0x004002be3609 start_thread
 
Host info: host: 'Vipuls-MacBook-Air.local', ip: '2401:4900:1c8f:e709:881b:a47a:9562:3fef%en0'
Build info: version: '4.5.3', revision: '4b786a1e430'
System info: os.name: 'Mac OS X', os.arch: 'aarch64', os.version: '12.6.1', java.version: '17.0.4.1'
Driver info: org.openqa.selenium.remote.RemoteWebDriver
Command: [null, newSession {capabilities=[Capabilities {browserName: chrome}], desiredCapabilities=Capabilities {browserName: chrome}}]
Capabilities {}
at org.openqa.selenium.remote.ProtocolHandshake.createSession(ProtocolHandshake.java:144)
at org.openqa.selenium.remote.ProtocolHandshake.createSession(ProtocolHandshake.java:102)
at org.openqa.selenium.remote.ProtocolHandshake.createSession(ProtocolHandshake.java:67)
at org.openqa.selenium.remote.HttpCommandExecutor.execute(HttpCommandExecutor.java:156)
at org.openqa.selenium.remote.TracedCommandExecutor.execute(TracedCommandExecutor.java:51)
at org.openqa.selenium.remote.RemoteWebDriver.execute(RemoteWebDriver.java:541)
at org.openqa.selenium.remote.RemoteWebDriver.startSession(RemoteWebDriver.java:242)
at org.openqa.selenium.remote.RemoteWebDriver.<init>(RemoteWebDriver.java:157)
at org.openqa.selenium.remote.RemoteWebDriver.<init>(RemoteWebDriver.java:139)
at TestData.Testing.testSetUp(Testing.java:29)
at java.base/jdk.internal.reflect.NativeMethodAccessorImpl.invoke0(Native Method)
at java.base/jdk.internal.reflect.NativeMethodAccessorImpl.invoke(NativeMethodAccessorImpl.java:77)
at java.base/jdk.internal.reflect.DelegatingMethodAccessorImpl.invoke(DelegatingMethodAccessorImpl.java:43)
at java.base/java.lang.reflect.Method.invoke(Method.java:568)
at org.testng.internal.MethodInvocationHelper.invokeMethod(MethodInvocationHelper.java:124)
at org.testng.internal.MethodInvocationHelper.invokeMethodConsideringTimeout(MethodInvocationHelper.java:59)
at org.testng.internal.Invoker.invokeConfigurationMethod(Invoker.java:458)
at org.testng.internal.Invoker.invokeConfigurations(Invoker.java:222)
at org.testng.internal.Invoker.invokeConfigurations(Invoker.java:142)
at org.testng.internal.TestMethodWorker.invokeBeforeClassMethods(TestMethodWorker.java:168)
at org.testng.internal.TestMethodWorker.run(TestMethodWorker.java:105)
at org.testng.TestRunner.privateRun(TestRunner.java:648)
at org.testng.TestRunner.run(TestRunner.java:505)
at org.testng.SuiteRunner.runTest(SuiteRunner.java:455)
at org.testng.SuiteRunner.runSequentially(SuiteRunner.java:450)
at org.testng.SuiteRunner.privateRun(SuiteRunner.java:415)
at org.testng.SuiteRunner.run(SuiteRunner.java:364)
at org.testng.SuiteRunnerWorker.runSuite(SuiteRunnerWorker.java:52)
at org.testng.SuiteRunnerWorker.run(SuiteRunnerWorker.java:84)
at org.testng.TestNG.runSuitesSequentially(TestNG.java:1208)
at org.testng.TestNG.runSuitesLocally(TestNG.java:1137)
at org.testng.TestNG.runSuites(TestNG.java:1049)
at org.testng.TestNG.run(TestNG.java:1017)
at org.testng.remote.AbstractRemoteTestNG.run(AbstractRemoteTestNG.java:115)
at org.testng.remote.RemoteTestNG.initAndRun(RemoteTestNG.java:251)
at org.testng.remote.RemoteTestNG.main(RemoteTestNG.java:77)
]]>
            </full-stacktrace>
          </exception> <!-- org.openqa.selenium.SessionNotCreatedException -->
          <reporter-output>
          </reporter-output>
        </test-method> <!-- test_ToDo_App -->
        <test-method is-config="true" signature="tearDown()[pri:0, instance:TestData.Testing@53d1b9b3]" started-at="2022-12-03T05:28:35Z" name="tearDown" finished-at="2022-12-03T05:28:35Z" duration-ms="0" status="SKIP">
          <reporter-output>
          </reporter-output>
        </test-method> <!-- tearDown -->
      </class> <!-- TestData.Testing -->
    </test> <!-- Default test -->
  </suite> <!-- Default suite -->
</testng-results>
